<?xml version="1.0" encoding="UTF-8"?>
<!-- Generated by org.testng.reporters.JUnitXMLReporter -->
<testsuite ignored="0" hostname="DESKTOP-H2FH8TB" failures="1" tests="3" name="Error Validation Test" time="37.279" errors="0" timestamp="2568-01-17T01:37:11 ICT">
  <testcase classname="kanchanaacademy.Tests.ErrorValidations" name="ProductErrorValidation" time="3.025"/>
  <testcase classname="kanchanaacademy.Tests.ErrorValidations" name="loginErrorValidataion" time="0.858">
    <skipped/>
  </testcase> <!-- loginErrorValidataion -->
  <testcase classname="kanchanaacademy.Tests.ErrorValidations" name="loginErrorValidataion" time="0.758">
    <failure type="java.lang.AssertionError" message="expected [Incorrect email or password.] but found [Incorrect email or password]">
      <![CDATA[java.lang.AssertionError: expected [Incorrect email or password.] but found [Incorrect email or password]
at kanchanaacademy.Tests.ErrorValidations.loginErrorValidataion(ErrorValidations.java:32)
at java.base/java.util.ArrayList.forEach(ArrayList.java:1511)
at java.base/java.util.concurrent.FutureTask.run(FutureTask.java:264)
at java.base/java.util.concurrent.ThreadPoolExecutor.runWorker(ThreadPoolExecutor.java:1136)
at java.base/java.util.concurrent.ThreadPoolExecutor$Worker.run(ThreadPoolExecutor.java:635)
at java.base/java.lang.Thread.run(Thread.java:833)
... Removed 23 stack frames]]>
    </failure>
  </testcase> <!-- loginErrorValidataion -->
</testsuite> <!-- Error Validation Test -->
