<?xml version="1.0" encoding="UTF-8"?>
<!-- Generated by org.testng.reporters.JUnitXMLReporter -->
<testsuite ignored="0" hostname="DESKTOP-H2FH8TB" failures="0" tests="3" name="Submit Order Test" time="80.287" errors="0" timestamp="2568-01-17T01:37:53 ICT">
  <testcase classname="kanchanaacademy.Tests.SubmitOrderTest" name="submitOrder" time="4.283"/>
  <testcase classname="kanchanaacademy.Tests.SubmitOrderTest" name="submitOrder" time="3.711"/>
  <testcase classname="kanchanaacademy.Tests.SubmitOrderTest" name="OrderHistoryTest" time="1.944"/>
</testsuite> <!-- Submit Order Test -->
