<?xml version="1.0" encoding="UTF-8"?>
<!-- Generated by org.testng.reporters.JUnitXMLReporter -->
<testsuite ignored="0" hostname="DESKTOP-H2FH8TB" failures="0" tests="2" name="Error Validation Test" time="63.303" errors="0" timestamp="2568-01-18T00:45:12 GMT+07:00">
  <testcase classname="kanchanaacademy.Tests.ErrorValidations" name="ProductErrorValidation" time="3.807"/>
  <testcase classname="kanchanaacademy.Tests.ErrorValidations" name="loginErrorValidataion" time="0.798"/>
</testsuite> <!-- Error Validation Test -->
