<?xml version="1.0" encoding="UTF-8"?>
<!-- Generated by org.testng.reporters.JUnitXMLReporter -->
<testsuite ignored="0" hostname="DESKTOP-H2FH8TB" failures="0" tests="3" name="Submit Order Test" time="75.61" errors="0" timestamp="2568-01-18T00:45:24 GMT+07:00">
  <testcase classname="kanchanaacademy.Tests.SubmitOrderTest" name="submitOrder" time="6.002"/>
  <testcase classname="kanchanaacademy.Tests.SubmitOrderTest" name="submitOrder" time="4.312"/>
  <testcase classname="kanchanaacademy.Tests.SubmitOrderTest" name="OrderHistoryTest" time="1.31"/>
</testsuite> <!-- Submit Order Test -->
