<?xml version="1.0" encoding="UTF-8"?>
<testng-results ignored="0" total="5" passed="5" failed="0" skipped="0">
  <reporter-output>
  </reporter-output>
  <suite started-at="2568-01-18T00:44:08 GMT+07:00" name="Suite" finished-at="2568-01-18T00:45:24 GMT+07:00" duration-ms="75610">
    <groups>
      <group name="ErrorHandling">
        <method signature="ErrorValidations.loginErrorValidataion()[pri:0, instance:kanchanaacademy.Tests.ErrorValidations@4149c063]" name="loginErrorValidataion" class="kanchanaacademy.Tests.ErrorValidations"/>
      </group> <!-- ErrorHandling -->
      <group name="Purchase">
        <method signature="SubmitOrderTest.submitOrder(java.util.HashMap)[pri:0, instance:kanchanaacademy.Tests.SubmitOrderTest@387a8303]" name="submitOrder" class="kanchanaacademy.Tests.SubmitOrderTest"/>
      </group> <!-- Purchase -->
    </groups>
    <test started-at="2568-01-18T00:44:08 GMT+07:00" name="Error Validation Test" finished-at="2568-01-18T00:45:11 GMT+07:00" duration-ms="63303">
      <class name="kanchanaacademy.Tests.ErrorValidations">
        <test-method is-config="true" signature="launchApplication()[pri:0, instance:kanchanaacademy.Tests.ErrorValidations@4149c063]" started-at="2568-01-18T00:44:08 GMT+07:00" name="launchApplication" finished-at="2568-01-18T00:44:39 GMT+07:00" duration-ms="30584" status="PASS">
          <reporter-output>
          </reporter-output>
        </test-method> <!-- launchApplication -->
        <test-method signature="ProductErrorValidation()[pri:0, instance:kanchanaacademy.Tests.ErrorValidations@4149c063]" started-at="2568-01-18T00:44:39 GMT+07:00" name="ProductErrorValidation" finished-at="2568-01-18T00:44:43 GMT+07:00" duration-ms="3807" status="PASS">
          <reporter-output>
          </reporter-output>
        </test-method> <!-- ProductErrorValidation -->
        <test-method is-config="true" signature="tearDown()[pri:0, instance:kanchanaacademy.Tests.ErrorValidations@4149c063]" started-at="2568-01-18T00:44:43 GMT+07:00" name="tearDown" finished-at="2568-01-18T00:44:43 GMT+07:00" duration-ms="231" status="PASS">
          <reporter-output>
          </reporter-output>
        </test-method> <!-- tearDown -->
        <test-method is-config="true" signature="launchApplication()[pri:0, instance:kanchanaacademy.Tests.ErrorValidations@4149c063]" started-at="2568-01-18T00:44:43 GMT+07:00" name="launchApplication" finished-at="2568-01-18T00:45:11 GMT+07:00" duration-ms="27679" status="PASS">
          <reporter-output>
          </reporter-output>
        </test-method> <!-- launchApplication -->
        <test-method signature="loginErrorValidataion()[pri:0, instance:kanchanaacademy.Tests.ErrorValidations@4149c063]" started-at="2568-01-18T00:45:11 GMT+07:00" name="loginErrorValidataion" finished-at="2568-01-18T00:45:11 GMT+07:00" duration-ms="798" status="PASS">
          <reporter-output>
          </reporter-output>
        </test-method> <!-- loginErrorValidataion -->
        <test-method is-config="true" signature="tearDown()[pri:0, instance:kanchanaacademy.Tests.ErrorValidations@4149c063]" started-at="2568-01-18T00:45:11 GMT+07:00" name="tearDown" finished-at="2568-01-18T00:45:11 GMT+07:00" duration-ms="114" status="PASS">
          <reporter-output>
          </reporter-output>
        </test-method> <!-- tearDown -->
      </class> <!-- kanchanaacademy.Tests.ErrorValidations -->
    </test> <!-- Error Validation Test -->
    <test started-at="2568-01-18T00:44:08 GMT+07:00" name="Submit Order Test" finished-at="2568-01-18T00:45:24 GMT+07:00" duration-ms="75610">
      <class name="kanchanaacademy.Tests.SubmitOrderTest">
        <test-method is-config="true" signature="launchApplication()[pri:0, instance:kanchanaacademy.Tests.SubmitOrderTest@387a8303]" started-at="2568-01-18T00:44:09 GMT+07:00" name="launchApplication" finished-at="2568-01-18T00:44:39 GMT+07:00" duration-ms="30178" status="PASS">
          <reporter-output>
          </reporter-output>
        </test-method> <!-- launchApplication -->
        <test-method signature="submitOrder(java.util.HashMap)[pri:0, instance:kanchanaacademy.Tests.SubmitOrderTest@387a8303]" started-at="2568-01-18T00:44:39 GMT+07:00" name="submitOrder" data-provider="getData" finished-at="2568-01-18T00:44:45 GMT+07:00" duration-ms="6002" status="PASS">
          <params>
            <param index="0">
              <value>
                <![CDATA[{password=Iamking@000, product=QWERTY, email=anshika@gmail.com}]]>
              </value>
            </param>
          </params>
          <reporter-output>
          </reporter-output>
        </test-method> <!-- submitOrder -->
        <test-method is-config="true" signature="tearDown()[pri:0, instance:kanchanaacademy.Tests.SubmitOrderTest@387a8303]" started-at="2568-01-18T00:44:45 GMT+07:00" name="tearDown" finished-at="2568-01-18T00:44:45 GMT+07:00" duration-ms="373" status="PASS">
          <reporter-output>
          </reporter-output>
        </test-method> <!-- tearDown -->
        <test-method is-config="true" signature="launchApplication()[pri:0, instance:kanchanaacademy.Tests.SubmitOrderTest@387a8303]" started-at="2568-01-18T00:44:45 GMT+07:00" name="launchApplication" finished-at="2568-01-18T00:44:55 GMT+07:00" duration-ms="9900" status="PASS">
          <reporter-output>
          </reporter-output>
        </test-method> <!-- launchApplication -->
        <test-method signature="submitOrder(java.util.HashMap)[pri:0, instance:kanchanaacademy.Tests.SubmitOrderTest@387a8303]" started-at="2568-01-18T00:44:55 GMT+07:00" name="submitOrder" data-provider="getData" finished-at="2568-01-18T00:44:59 GMT+07:00" duration-ms="4312" status="PASS">
          <params>
            <param index="0">
              <value>
                <![CDATA[{password=Iamking@000, product=IPHONE 13 PRO, email=shetty@gmail.com}]]>
              </value>
            </param>
          </params>
          <reporter-output>
          </reporter-output>
        </test-method> <!-- submitOrder -->
        <test-method is-config="true" signature="tearDown()[pri:0, instance:kanchanaacademy.Tests.SubmitOrderTest@387a8303]" started-at="2568-01-18T00:44:59 GMT+07:00" name="tearDown" finished-at="2568-01-18T00:45:00 GMT+07:00" duration-ms="183" status="PASS">
          <reporter-output>
          </reporter-output>
        </test-method> <!-- tearDown -->
        <test-method is-config="true" signature="launchApplication()[pri:0, instance:kanchanaacademy.Tests.SubmitOrderTest@387a8303]" started-at="2568-01-18T00:45:00 GMT+07:00" name="launchApplication" finished-at="2568-01-18T00:45:22 GMT+07:00" duration-ms="22744" status="PASS">
          <reporter-output>
          </reporter-output>
        </test-method> <!-- launchApplication -->
        <test-method signature="OrderHistoryTest()[pri:0, instance:kanchanaacademy.Tests.SubmitOrderTest@387a8303]" started-at="2568-01-18T00:45:22 GMT+07:00" name="OrderHistoryTest" finished-at="2568-01-18T00:45:24 GMT+07:00" depends-on-methods="kanchanaacademy.Tests.SubmitOrderTest.submitOrder" duration-ms="1310" status="PASS">
          <reporter-output>
          </reporter-output>
        </test-method> <!-- OrderHistoryTest -->
        <test-method is-config="true" signature="tearDown()[pri:0, instance:kanchanaacademy.Tests.SubmitOrderTest@387a8303]" started-at="2568-01-18T00:45:24 GMT+07:00" name="tearDown" finished-at="2568-01-18T00:45:24 GMT+07:00" duration-ms="120" status="PASS">
          <reporter-output>
          </reporter-output>
        </test-method> <!-- tearDown -->
      </class> <!-- kanchanaacademy.Tests.SubmitOrderTest -->
    </test> <!-- Submit Order Test -->
  </suite> <!-- Suite -->
</testng-results>
